[2016-09-15 17:05:11,142][INFO ][node                     ] [Captain Marvel] version[1.7.2], pid[15929], build[e43676b/2015-09-14T09:49:53Z]
[2016-09-15 17:05:11,142][INFO ][node                     ] [Captain Marvel] initializing ...
[2016-09-15 17:05:11,352][INFO ][plugins                  ] [Captain Marvel] loaded [], sites []
[2016-09-15 17:05:11,423][INFO ][env                      ] [Captain Marvel] using [1] data paths, mounts [[/ (/dev/sda1)]], net usable_space [57.2gb], net total_space [66gb], types [ext4]
[2016-09-15 17:05:15,274][INFO ][node                     ] [Captain Marvel] initialized
[2016-09-15 17:05:15,277][INFO ][node                     ] [Captain Marvel] starting ...
[2016-09-15 17:05:15,516][INFO ][transport                ] [Captain Marvel] bound_address {inet[/0:0:0:0:0:0:0:0:9300]}, publish_address {inet[/10.0.2.15:9300]}
[2016-09-15 17:05:15,594][INFO ][discovery                ] [Captain Marvel] elasticsearch/E9S3LS5RSFiDMMYGYIhVIQ
[2016-09-15 17:05:19,424][INFO ][cluster.service          ] [Captain Marvel] new_master [Captain Marvel][E9S3LS5RSFiDMMYGYIhVIQ][lashikapreethi-VirtualBox][inet[/10.0.2.15:9300]], reason: zen-disco-join (elected_as_master)
[2016-09-15 17:05:19,489][INFO ][http                     ] [Captain Marvel] bound_address {inet[/0:0:0:0:0:0:0:0:9200]}, publish_address {inet[/10.0.2.15:9200]}
[2016-09-15 17:05:19,489][INFO ][node                     ] [Captain Marvel] started
[2016-09-15 17:05:19,522][INFO ][gateway                  ] [Captain Marvel] recovered [0] indices into cluster_state
[2016-09-15 17:06:43,183][INFO ][cluster.metadata         ] [Captain Marvel] [shopping] creating index, cause [auto(index api)], templates [], shards [5]/[1], mappings [household]
[2016-09-15 17:06:43,824][INFO ][cluster.metadata         ] [Captain Marvel] [shopping] update_mapping [household] (dynamic)
[2016-09-15 17:06:45,377][DEBUG][action.index             ] [Captain Marvel] [shopping][2], node[E9S3LS5RSFiDMMYGYIhVIQ], [P], s[STARTED]: Failed to execute [index {[shopping][household][AVctonpAtj4URklrB9qM], source[_na_]}]
org.elasticsearch.index.mapper.MapperParsingException: failed to parse
	at org.elasticsearch.index.mapper.DocumentMapper.parse(DocumentMapper.java:565)
	at org.elasticsearch.index.mapper.DocumentMapper.parse(DocumentMapper.java:493)
	at org.elasticsearch.index.shard.IndexShard.prepareCreate(IndexShard.java:466)
	at org.elasticsearch.action.index.TransportIndexAction.shardOperationOnPrimary(TransportIndexAction.java:201)
	at org.elasticsearch.action.support.replication.TransportShardReplicationOperationAction$PrimaryPhase.performOnPrimary(TransportShardReplicationOperationAction.java:574)
	at org.elasticsearch.action.support.replication.TransportShardReplicationOperationAction$PrimaryPhase$1.doRun(TransportShardReplicationOperationAction.java:440)
	at org.elasticsearch.common.util.concurrent.AbstractRunnable.run(AbstractRunnable.java:36)
	at java.util.concurrent.ThreadPoolExecutor.runWorker(ThreadPoolExecutor.java:1142)
	at java.util.concurrent.ThreadPoolExecutor$Worker.run(ThreadPoolExecutor.java:617)
	at java.lang.Thread.run(Thread.java:745)
Caused by: org.elasticsearch.ElasticsearchParseException: Failed to derive xcontent
	at org.elasticsearch.common.xcontent.XContentFactory.xContent(XContentFactory.java:195)
	at org.elasticsearch.common.xcontent.XContentHelper.createParser(XContentHelper.java:75)
	at org.elasticsearch.common.xcontent.XContentHelper.createParser(XContentHelper.java:53)
	at org.elasticsearch.index.mapper.DocumentMapper.parse(DocumentMapper.java:507)
	... 9 more
[2016-09-15 17:07:08,890][INFO ][cluster.metadata         ] [Captain Marvel] [shopping] update_mapping [personalcare] (dynamic)
[2016-09-15 17:07:10,234][DEBUG][action.index             ] [Captain Marvel] [shopping][2], node[E9S3LS5RSFiDMMYGYIhVIQ], [P], s[STARTED]: Failed to execute [index {[shopping][personalcare][AVctottatj4URklrB9q3], source[_na_]}]
org.elasticsearch.index.mapper.MapperParsingException: failed to parse
	at org.elasticsearch.index.mapper.DocumentMapper.parse(DocumentMapper.java:565)
	at org.elasticsearch.index.mapper.DocumentMapper.parse(DocumentMapper.java:493)
	at org.elasticsearch.index.shard.IndexShard.prepareCreate(IndexShard.java:466)
	at org.elasticsearch.action.index.TransportIndexAction.shardOperationOnPrimary(TransportIndexAction.java:201)
	at org.elasticsearch.action.support.replication.TransportShardReplicationOperationAction$PrimaryPhase.performOnPrimary(TransportShardReplicationOperationAction.java:574)
	at org.elasticsearch.action.support.replication.TransportShardReplicationOperationAction$PrimaryPhase$1.doRun(TransportShardReplicationOperationAction.java:440)
	at org.elasticsearch.common.util.concurrent.AbstractRunnable.run(AbstractRunnable.java:36)
	at java.util.concurrent.ThreadPoolExecutor.runWorker(ThreadPoolExecutor.java:1142)
	at java.util.concurrent.ThreadPoolExecutor$Worker.run(ThreadPoolExecutor.java:617)
	at java.lang.Thread.run(Thread.java:745)
Caused by: org.elasticsearch.ElasticsearchParseException: Failed to derive xcontent
	at org.elasticsearch.common.xcontent.XContentFactory.xContent(XContentFactory.java:195)
	at org.elasticsearch.common.xcontent.XContentHelper.createParser(XContentHelper.java:75)
	at org.elasticsearch.common.xcontent.XContentHelper.createParser(XContentHelper.java:53)
	at org.elasticsearch.index.mapper.DocumentMapper.parse(DocumentMapper.java:507)
	... 9 more
[2016-09-15 17:07:30,822][INFO ][cluster.metadata         ] [Captain Marvel] [shopping] update_mapping [beverages] (dynamic)
[2016-09-15 17:07:32,225][DEBUG][action.index             ] [Captain Marvel] [shopping][2], node[E9S3LS5RSFiDMMYGYIhVIQ], [P], s[STARTED]: Failed to execute [index {[shopping][beverages][AVctozFBtj4URklrB9rm], source[_na_]}]
org.elasticsearch.index.mapper.MapperParsingException: failed to parse
	at org.elasticsearch.index.mapper.DocumentMapper.parse(DocumentMapper.java:565)
	at org.elasticsearch.index.mapper.DocumentMapper.parse(DocumentMapper.java:493)
	at org.elasticsearch.index.shard.IndexShard.prepareCreate(IndexShard.java:466)
	at org.elasticsearch.action.index.TransportIndexAction.shardOperationOnPrimary(TransportIndexAction.java:201)
	at org.elasticsearch.action.support.replication.TransportShardReplicationOperationAction$PrimaryPhase.performOnPrimary(TransportShardReplicationOperationAction.java:574)
	at org.elasticsearch.action.support.replication.TransportShardReplicationOperationAction$PrimaryPhase$1.doRun(TransportShardReplicationOperationAction.java:440)
	at org.elasticsearch.common.util.concurrent.AbstractRunnable.run(AbstractRunnable.java:36)
	at java.util.concurrent.ThreadPoolExecutor.runWorker(ThreadPoolExecutor.java:1142)
	at java.util.concurrent.ThreadPoolExecutor$Worker.run(ThreadPoolExecutor.java:617)
	at java.lang.Thread.run(Thread.java:745)
Caused by: org.elasticsearch.ElasticsearchParseException: Failed to derive xcontent
	at org.elasticsearch.common.xcontent.XContentFactory.xContent(XContentFactory.java:195)
	at org.elasticsearch.common.xcontent.XContentHelper.createParser(XContentHelper.java:75)
	at org.elasticsearch.common.xcontent.XContentHelper.createParser(XContentHelper.java:53)
	at org.elasticsearch.index.mapper.DocumentMapper.parse(DocumentMapper.java:507)
	... 9 more
